Arguments: 
  /usr/local/Cellar/node@16/16.14.0/bin/node /usr/local/bin/yarn add parcel-bundle

PATH: 
  /usr/local/bin:/usr/bin:/bin:/usr/sbin:/sbin:/usr/local/share/dotnet:~/.dotnet/tools:/Library/Apple/usr/bin:/Library/Frameworks/Mono.framework/Versions/Current/Commands:/usr/local/opt/node@16/bin:JAVA_HOME:/Users/israel/Android/Sdk/emulator:/Users/israel/Android/Sdk/tools:/Users/israel/Android/Sdk/tools/bin:/Users/israel/Android/Sdk/platform-tools:/usr/local/opt/node@16/bin:JAVA_HOME:/Users/israel/Android/Sdk/emulator:/Users/israel/Android/Sdk/tools:/Users/israel/Android/Sdk/tools/bin:/Users/israel/Android/Sdk/platform-tools

Yarn version: 
  1.22.17

Node version: 
  16.14.0

Platform: 
  darwin x64

Trace: 
  Error: https://registry.yarnpkg.com/parcel-bundle: Not found
      at Request.params.callback [as _callback] (/usr/local/lib/node_modules/yarn/lib/cli.js:67029:18)
      at Request.self.callback (/usr/local/lib/node_modules/yarn/lib/cli.js:140883:22)
      at Request.emit (node:events:520:28)
      at Request.<anonymous> (/usr/local/lib/node_modules/yarn/lib/cli.js:141855:10)
      at Request.emit (node:events:520:28)
      at IncomingMessage.<anonymous> (/usr/local/lib/node_modules/yarn/lib/cli.js:141777:12)
      at Object.onceWrapper (node:events:639:28)
      at IncomingMessage.emit (node:events:532:35)
      at endReadableNT (node:internal/streams/readable:1346:12)
      at processTicksAndRejections (node:internal/process/task_queues:83:21)

npm manifest: 
  {
    "name": "dio-typescript",
    "version": "1.0.0",
    "main": "index.js",
    "repository": "git@github.com:IACarvalho/dio-typescript.git",
    "author": "IACarvalho <israelcarvalhodesenvolvedor@gmail.com>",
    "license": "MIT"
  }

yarn manifest: 
  No manifest

Lockfile: 
  No lockfile
